0 info it worked if it ends with ok
1 verbose cli [ 'C:\\Program Files\\nodejs\\node.exe',
1 verbose cli   'C:\\Program Files\\nodejs\\node_modules\\npm\\bin\\npm-cli.js',
1 verbose cli   'start' ]
2 info using npm@3.8.6
3 info using node@v5.11.1
4 verbose run-script [ 'prestart', 'start', 'poststart' ]
5 info lifecycle react-typescript-boilerplate@1.0.0~prestart: react-typescript-boilerplate@1.0.0
6 silly lifecycle react-typescript-boilerplate@1.0.0~prestart: no script for prestart, continuing
7 info lifecycle react-typescript-boilerplate@1.0.0~start: react-typescript-boilerplate@1.0.0
8 verbose lifecycle react-typescript-boilerplate@1.0.0~start: unsafe-perm in lifecycle true
9 verbose lifecycle react-typescript-boilerplate@1.0.0~start: PATH: C:\Program Files\nodejs\node_modules\npm\bin\node-gyp-bin;A:\OutlookVSTS\node_modules\.bin;C:\Program Files\nodejs;C:\Program Files\Git\cmd;C:\Program Files\Common Files\Microsoft Shared\Microsoft Online Services;C:\Program Files (x86)\Common Files\Microsoft Shared\Microsoft Online Services;C:\WINDOWS\system32;C:\WINDOWS;C:\WINDOWS\System32\Wbem;C:\WINDOWS\System32\WindowsPowerShell\v1.0\;C:\Program Files (x86)\Microsoft ASP.NET\ASP.NET Web Pages\v1.0\;C:\Program Files\Microsoft SQL Server\110\Tools\Binn\;C:\Program Files (x86)\Magellan Toolset 4.75\;C:\Program Files\Microsoft SQL Server\120\Tools\Binn\;C:\Program Files\Microsoft SQL Server\130\Tools\Binn\;C:\Program Files (x86)\Windows Kits\10\Windows Performance Toolkit\;C:\Program Files\Git\cmd;C:\Program Files\dotnet\;C:\Program Files\Microsoft DNX\Dnvm\;C:\Program Files\Microsoft\Web Platform Installer\;C:\Program Files\nodejs\;C:\Program Files (x86)\WinMerge;C:\Program Files\Focus\;C:\Users\annich\AppData\Local\Programs\Python\Python35-32\Scripts\;C:\Users\annich\AppData\Local\Programs\Python\Python35-32\;C:\Users\annich\AppData\Local\Programs\Python\Launcher\;C:\Program Files (x86)\Microsoft VS Code\bin;C:\Users\annich\AppData\Local\atom\bin;C:\Users\annich\AppData\Roaming\npm;C:\Program Files\OpenSSL;%USERPROFILE%\AppData\Local\Microsoft\WindowsApps;
10 verbose lifecycle react-typescript-boilerplate@1.0.0~start: CWD: A:\OutlookVSTS
11 silly lifecycle react-typescript-boilerplate@1.0.0~start: Args: [ '/d /s /c', 'node server.js' ]
12 silly lifecycle react-typescript-boilerplate@1.0.0~start: Returned: code: 1  signal: null
13 info lifecycle react-typescript-boilerplate@1.0.0~start: Failed to exec start script
14 verbose stack Error: react-typescript-boilerplate@1.0.0 start: `node server.js`
14 verbose stack Exit status 1
14 verbose stack     at EventEmitter.<anonymous> (C:\Program Files\nodejs\node_modules\npm\lib\utils\lifecycle.js:239:16)
14 verbose stack     at emitTwo (events.js:100:13)
14 verbose stack     at EventEmitter.emit (events.js:185:7)
14 verbose stack     at ChildProcess.<anonymous> (C:\Program Files\nodejs\node_modules\npm\lib\utils\spawn.js:24:14)
14 verbose stack     at emitTwo (events.js:100:13)
14 verbose stack     at ChildProcess.emit (events.js:185:7)
14 verbose stack     at maybeClose (internal/child_process.js:850:16)
14 verbose stack     at Process.ChildProcess._handle.onexit (internal/child_process.js:215:5)
15 verbose pkgid react-typescript-boilerplate@1.0.0
16 verbose cwd A:\OutlookVSTS
17 error Windows_NT 10.0.14393
18 error argv "C:\\Program Files\\nodejs\\node.exe" "C:\\Program Files\\nodejs\\node_modules\\npm\\bin\\npm-cli.js" "start"
19 error node v5.11.1
20 error npm  v3.8.6
21 error code ELIFECYCLE
22 error react-typescript-boilerplate@1.0.0 start: `node server.js`
22 error Exit status 1
23 error Failed at the react-typescript-boilerplate@1.0.0 start script 'node server.js'.
23 error Make sure you have the latest version of node.js and npm installed.
23 error If you do, this is most likely a problem with the react-typescript-boilerplate package,
23 error not with npm itself.
23 error Tell the author that this fails on your system:
23 error     node server.js
23 error You can get information on how to open an issue for this project with:
23 error     npm bugs react-typescript-boilerplate
23 error Or if that isn't available, you can get their info via:
23 error     npm owner ls react-typescript-boilerplate
23 error There is likely additional logging output above.
24 verbose exit [ 1, true ]
